./a.out:1: MAJOR:C-O1
./src/main.c:20: MAJOR:C-H1
./src/main.c:21: MAJOR:C-H1
./src/main.c:23: MAJOR:C-H1
./src/main.c:33: MINOR:C-F8
./src/main.c:33: MINOR:C-L3
./src/main.c:45: MINOR:C-G2
./src/main.c:49: MINOR:C-F8
./src/main.c:50: MAJOR:C-C1
./src/main.c:53: MAJOR:C-F3
./src/main.c:58: MINOR:C-F2
./src/main.c:64: MINOR:C-F2
./src/main.c:64: MINOR:C-G7
./src/main.c:88: MINOR:C-G7
./src/main.c:94: MINOR:C-L6
./src/main.c:95: MAJOR:C-F3
./src/main.c:96: MAJOR:C-F3
./src/main.c:96: MINOR:C-F8
./src/main.c:98: MINOR:C-G7
./src/main.c:98: MINOR:C-L6
./src/main.c:101: MAJOR:C-F3
./src/main.c:105: MAJOR:C-F3
./src/main.c:105: MINOR:C-F8
./src/main.c:107: MAJOR:C-F4
./src/main.c:108: MAJOR:C-F4
./src/main.c:109: MAJOR:C-F4
./src/main.c:110: MAJOR:C-F4
./src/main.c:111: MAJOR:C-F3
./src/main.c:111: MAJOR:C-F4
./src/main.c:111: MINOR:C-F8
./src/main.c:112: MAJOR:C-F4
./src/main.c:127: MINOR:C-F8
./src/main.c:128: MINOR:C-L6
./src/main.c:129: MAJOR:C-F3
./src/my_open_file.c:30: MINOR:C-G7
